  tftp_client_io.cpp
E:\Github\Self_TFTP_Client\src\tftp_client\tftp_client\tftp_client_io.cpp(18,20): warning C4018: “<”: 有符号/无符号不匹配
E:\Github\Self_TFTP_Client\src\tftp_client\tftp_client\tftp_client_io.cpp(32,38): warning C4996: 'inet_addr': Use inet_pton() or InetPton() instead or define _WINSOCK_DEPRECATED_NO_WARNINGS to disable deprecated API warnings
E:\Github\Self_TFTP_Client\src\tftp_client\tftp_client\tftp_client_io.cpp(58,12): warning C4477: “printf_s”: 格式字符串“%c”需要类型“int”的参数，但可变参数 1 拥有了类型“char *”
E:\Github\Self_TFTP_Client\src\tftp_client\tftp_client\tftp_client_io.cpp(108,2): warning C4996: 'sprintf': This function or variable may be unsafe. Consider using sprintf_s instead. To disable deprecation, use _CRT_SECURE_NO_WARNINGS. See online help for details.
E:\Github\Self_TFTP_Client\src\tftp_client\tftp_client\tftp_client_io.cpp(260,13): warning C4996: 'fopen': This function or variable may be unsafe. Consider using fopen_s instead. To disable deprecation, use _CRT_SECURE_NO_WARNINGS. See online help for details.
E:\Github\Self_TFTP_Client\src\tftp_client\tftp_client\tftp_client_io.cpp(266,2): warning C4996: 'sprintf': This function or variable may be unsafe. Consider using sprintf_s instead. To disable deprecation, use _CRT_SECURE_NO_WARNINGS. See online help for details.
E:\Github\Self_TFTP_Client\src\tftp_client\tftp_client\tftp_client_io.cpp(309,20): warning C4018: “<”: 有符号/无符号不匹配
E:\Github\Self_TFTP_Client\src\tftp_client\tftp_client\tftp_client_io.cpp(301,2): warning C4996: 'sprintf': This function or variable may be unsafe. Consider using sprintf_s instead. To disable deprecation, use _CRT_SECURE_NO_WARNINGS. See online help for details.
E:\Github\Self_TFTP_Client\src\tftp_client\tftp_client\tftp_client_io.cpp(307,13): warning C4996: 'fopen': This function or variable may be unsafe. Consider using fopen_s instead. To disable deprecation, use _CRT_SECURE_NO_WARNINGS. See online help for details.
  tftp_client_stat.cpp
E:\Github\Self_TFTP_Client\src\tftp_client\tftp_client\tftp_client_stat.cpp(9,13): warning C4996: 'fopen': This function or variable may be unsafe. Consider using fopen_s instead. To disable deprecation, use _CRT_SECURE_NO_WARNINGS. See online help for details.
  tftp_clinet_main.cpp
E:\Github\Self_TFTP_Client\src\tftp_client\tftp_client\tftp_clinet_main.cpp(28,11): warning C4996: 'strtok': This function or variable may be unsafe. Consider using strtok_s instead. To disable deprecation, use _CRT_SECURE_NO_WARNINGS. See online help for details.
E:\Github\Self_TFTP_Client\src\tftp_client\tftp_client\tftp_clinet_main.cpp(31,3): warning C4996: 'strcpy': This function or variable may be unsafe. Consider using strcpy_s instead. To disable deprecation, use _CRT_SECURE_NO_WARNINGS. See online help for details.
E:\Github\Self_TFTP_Client\src\tftp_client\tftp_client\tftp_clinet_main.cpp(32,12): warning C4996: 'strtok': This function or variable may be unsafe. Consider using strtok_s instead. To disable deprecation, use _CRT_SECURE_NO_WARNINGS. See online help for details.
E:\Github\Self_TFTP_Client\src\tftp_client\tftp_client\tftp_clinet_main.cpp(39,13): warning C4996: 'fopen': This function or variable may be unsafe. Consider using fopen_s instead. To disable deprecation, use _CRT_SECURE_NO_WARNINGS. See online help for details.
E:\Github\Self_TFTP_Client\src\tftp_client\tftp_client\tftp_clinet_main.cpp(49,9): warning C4996: 'fscanf': This function or variable may be unsafe. Consider using fscanf_s instead. To disable deprecation, use _CRT_SECURE_NO_WARNINGS. See online help for details.
E:\Github\Self_TFTP_Client\src\tftp_client\tftp_client\tftp_clinet_main.cpp(62,38): warning C4996: 'inet_addr': Use inet_pton() or InetPton() instead or define _WINSOCK_DEPRECATED_NO_WARNINGS to disable deprecated API warnings
E:\Github\Self_TFTP_Client\src\tftp_client\tftp_client\tftp_clinet_main.cpp(65,2): warning C4996: 'strcpy': This function or variable may be unsafe. Consider using strcpy_s instead. To disable deprecation, use _CRT_SECURE_NO_WARNINGS. See online help for details.
E:\Github\Self_TFTP_Client\src\tftp_client\tftp_client\tftp_clinet_main.cpp(89,3): warning C4996: 'sprintf': This function or variable may be unsafe. Consider using sprintf_s instead. To disable deprecation, use _CRT_SECURE_NO_WARNINGS. See online help for details.
E:\Github\Self_TFTP_Client\src\tftp_client\tftp_client\tftp_clinet_main.cpp(108,14): warning C4996: 'fopen': This function or variable may be unsafe. Consider using fopen_s instead. To disable deprecation, use _CRT_SECURE_NO_WARNINGS. See online help for details.
E:\Github\Self_TFTP_Client\src\tftp_client\tftp_client\tftp_clinet_main.cpp(154,3): warning C4996: 'strcpy': This function or variable may be unsafe. Consider using strcpy_s instead. To disable deprecation, use _CRT_SECURE_NO_WARNINGS. See online help for details.
E:\Github\Self_TFTP_Client\src\tftp_client\tftp_client\tftp_clinet_main.cpp(155,3): warning C4996: 'strcat': This function or variable may be unsafe. Consider using strcat_s instead. To disable deprecation, use _CRT_SECURE_NO_WARNINGS. See online help for details.
E:\Github\Self_TFTP_Client\src\tftp_client\tftp_client\tftp_clinet_main.cpp(156,14): warning C4996: 'fopen': This function or variable may be unsafe. Consider using fopen_s instead. To disable deprecation, use _CRT_SECURE_NO_WARNINGS. See online help for details.
E:\Github\Self_TFTP_Client\src\tftp_client\tftp_client\tftp_clinet_main.cpp(227,3): warning C4996: 'scanf': This function or variable may be unsafe. Consider using scanf_s instead. To disable deprecation, use _CRT_SECURE_NO_WARNINGS. See online help for details.
  正在生成代码...
E:\Github\Self_TFTP_Client\src\tftp_client\tftp_client\tftp_clinet_main.cpp(184): warning C4715: “command_parse”: 不是所有的控件路径都返回值
  tftp_client.vcxproj -> E:\Github\Self_TFTP_Client\src\tftp_client\Debug\tftp_client.exe
